12
75
0 83 17 162 3 181 107 196 104 102 18 176 9 64 145 132 93 188 3 181 107 25 114 125 65 199 109 173 65 57 80 23 165 55 109 134 77 8 192 95 134 156 101 65 52 184 68 195 44 189 168 64 145 132 93 16 86 43 147 186 112 170 76 43 46 10 111 47 140 43 185 48 34 10 83 0
1054 472 1188 715 236 530 818 423 660 410 465 209 451 1193 811 440 264 141 1067 718 764 1057 884 639 185 1184 1082 4 1195 585 833 370 32 763 704 726 619 707 621 1104 972 1141 871 1045 777 426 177
83
0 83 116 112 170 76 43 185 48 98 70 197 74 177 163 195 126 60 161 49 171 190 141 52 184 159 27 2 14 130 29 35 15 173 65 57 80 187 101 65 57 119 101 65 125 72 98 70 63 144 157 68 94 140 173 198 124 126 44 169 20 45 3 188 93 75 32 166 4 31 193 191 107 56 9 7 92 121 128 47 111 10 83 0
837 459 1096 629 1147 392 1122 1042 277 33 964 765 735 803 1029 364 625 42 11 939 80 45 256 723 302 1137 133 287 789 131 199 194 970 736 534 10 454
63
0 90 11 90 122 171 49 161 55 151 97 41 104 196 107 105 81 99 105 139 71 18 97 159 61 131 16 13 137 12 172 156 93 75 32 168 91 8 178 54 176 9 69 29 111 10 46 85 152 153 92 125 65 57 54 141 24 98 72 189 111 10 83 0
216 424 878 1113 882 1005 653 710 933 405 445 800 1109 650 825 969 40 898 1032 594 64 82 947 232 175 54 137 997 1163 145 779 949 1047 1012 643 1088 1059 189 1079 407
94
0 83 188 3 162 175 139 105 99 133 50 136 173 15 137 13 41 194 111 10 46 43 185 39 115 43 186 112 170 76 43 185 42 31 6 86 123 54 141 24 167 100 176 77 186 112 170 76 160 86 101 65 125 150 151 10 49 171 95 11 63 36 156 162 3 159 55 31 129 22 21 130 29 19 178 126 60 161 151 10 111 47 37 25 114 105 99 133 191 107 196 84 58 83 0
345 413 139 169 230 592 640 538 396 1123 887 448 354 1048 861 462 994 559 317 690 1095 456 697 418 796 1185 614 218 568 374 1014 154 500 1165 468 902 877 72 550 85 645 1135 29 1192 340 1009 797 395
0
0

0
0

92
0 90 133 32 75 16 112 186 88 91 164 9 7 103 42 4 58 167 100 176 77 67 66 126 60 161 142 174 51 96 192 193 139 105 99 133 191 26 109 197 113 53 181 3 162 184 68 178 167 100 176 84 159 61 131 78 187 108 179 114 98 70 30 39 143 185 43 46 10 148 185 43 117 110 116 95 103 7 34 21 6 56 163 14 130 21 144 65 199 165 58 83 0
605 95 1194 509 92 81 333 1058 361 483 678 744 271 71 75 188 422 914 469 966 323 576 83 1074 98 250 104 880 278 200 497 488 167 993 768 1172 161 144 996 977 600 1083 268 1053
0
0

88
0 90 123 72 98 76 43 185 143 185 48 51 57 144 16 151 10 83 0 61 177 191 133 88 186 112 170 76 9 69 66 52 138 98 70 197 113 53 18 183 101 170 76 43 46 10 111 47 142 174 147 11 109 134 40 62 46 193 192 8 77 176 76 42 31 5 120 25 114 105 99 133 50 30 111 10 83 17 63 70 161 142 190 70 30 111 10 83 0
737 1073 581 932 313 280 955 240 1136 1062 24 895 672 1189 234 870 853 642 306 379 771 1115 121 971 1101 289 342 291 1038 554 873 419 281 535 754 17 580 617
125
0 90 35 15 173 198 8 192 193 165 97 191 133 36 111 174 51 169 20 155 114 25 151 181 107 105 99 133 191 26 109 38 130 29 35 164 23 164 9 115 164 9 69 29 35 15 173 132 145 180 158 180 52 184 162 102 14 100 110 117 64 145 132 62 93 188 3 162 184 28 89 155 21 144 63 8 91 118 91 8 174 51 169 154 37 47 111 178 167 58 83 188 152 197 74 129 22 187 146 79 32 75 38 130 29 146 6 161 3 162 102 40 62 89 28 60 161 142 135 23 189 111 30 5 90 0
773 998 1002 1129 479 755 498 47 893 1161 214 338 624 775 383 780 876 182 584 890 558 917 269 627 1098 570 446 812 170 1169 245 8 752 654 1081 258 22 957 153 180 262 299 409 641 1001 389 637 166 490
132
0 90 133 191 26 109 134 40 159 61 122 165 37 78 187 128 47 161 142 135 142 161 49 171 95 103 33 185 42 4 160 4 166 181 107 105 139 13 137 177 93 188 152 184 52 154 37 47 111 62 179 199 130 29 111 47 197 113 53 72 163 111 47 37 78 46 182 44 126 44 122 10 111 47 37 78 187 108 187 40 159 184 145 180 14 165 55 130 29 35 15 173 198 124 92 192 193 191 30 111 36 43 185 48 51 169 35 15 173 65 101 30 111 10 87 49 171 95 103 7 23 190 124 92 153 170 194 75 47 111 10 83 0
965 1170 393 831 487 155 508 1013 1055 513 290 515 1085 591 207 524 79 982 729 923 485 778 417 286 805 1102 900 428 1036 1149 221 758 872 1003 563 326 1084 1060 160 751 868 1052 226 936 283 1090 1143 667 192 784
0
0

